[13:47:02] [main/INFO] (FabricLoader/GameProvider) Loading Minecraft 1.21.11 with Fabric Loader 0.18.4
[13:47:02] [main/INFO] (FabricLoader) Loading 44 mods:
	- cloth-basic-math 0.6.1
	- cloth-config 21.11.153
	- fabric-api 0.141.1+1.21.11
	- fabric-api-base 1.0.5+4ebb5c083e
	- fabric-api-lookup-api-v1 1.6.113+1fb1cde93e
	- fabric-biome-api-v1 17.1.1+4fc5413f3e
	- fabric-block-api-v1 1.1.10+4ebb5c083e
	- fabric-block-view-api-v2 1.0.39+4ebb5c083e
	- fabric-command-api-v2 2.4.7+6b42a6003e
	- fabric-content-registries-v0 10.2.14+4fc5413f3e
	- fabric-convention-tags-v1 2.1.55+7f945d5b3e
	- fabric-convention-tags-v2 2.17.3+8ef948ba3e
	- fabric-crash-report-info-v1 0.3.23+4ebb5c083e
	- fabric-data-attachment-api-v1 1.8.46+b6ef3aec3e
	- fabric-data-generation-api-v1 23.4.0+69974c4e3e
	- fabric-dimensions-v1 4.0.28+4fc5413f3e
	- fabric-entity-events-v1 3.1.1+1d0ab4303e
	- fabric-events-interaction-v0 4.1.0+3b89ecf63e
	- fabric-game-rule-api-v1 2.0.3+4fc5413f3e
	- fabric-gametest-api-v1 3.1.27+4fc5413f3e
	- fabric-item-api-v1 11.5.20+d0c46b9e3e
	- fabric-item-group-api-v1 4.2.36+4fc5413f3e
	- fabric-lifecycle-events-v1 2.6.15+4ebb5c083e
	- fabric-loot-api-v2 3.0.73+3f89f5a53e
	- fabric-loot-api-v3 2.0.20+78c8b4663e
	- fabric-message-api-v1 6.1.12+4ebb5c083e
	- fabric-networking-api-v1 5.1.5+ae1e07683e
	- fabric-object-builder-api-v1 21.1.39+4fc5413f3e
	- fabric-particles-v1 4.2.11+4fc5413f3e
	- fabric-recipe-api-v1 8.2.3+4ebb5c083e
	- fabric-registry-sync-v0 6.2.5+1718722b3e
	- fabric-rendering-fluids-v1 3.1.43+4ebb5c083e
	- fabric-resource-conditions-api-v1 5.0.35+4fc5413f3e
	- fabric-resource-loader-v0 3.3.4+4fc5413f3e
	- fabric-resource-loader-v1 1.0.10+78c8b4663e
	- fabric-screen-handler-api-v1 1.3.161+4fc5413f3e
	- fabric-serialization-api-v1 1.0.5+4ebb5c083e
	- fabric-tag-api-v1 1.2.20+4fc5413f3e
	- fabric-transfer-api-v1 6.0.24+4fc5413f3e
	- fabric-transitive-access-wideners-v1 7.1.0+014c8cec3e
	- fabricloader 0.18.4
	- java 21
	- minecraft 1.21.11
	- mixinextras 0.5.0
[13:47:12] [main/INFO] (FabricLoader/Mixin) SpongePowered MIXIN Subsystem Version=0.8.7 Source=file:/C:/Users/super/.gradle/caches/modules-2/files-2.1/net.fabricmc/sponge-mixin/0.17.0+mixin.0.8.7/cf31463202f72d03b0ef1e1e38e8ee71b7faaab6/sponge-mixin-0.17.0+mixin.0.8.7.jar Service=Knot/Fabric Env=SERVER
[13:47:12] [main/INFO] (FabricLoader/Mixin) Loaded Fabric development mappings for mixin remapper!
[13:47:12] [main/INFO] (FabricLoader/Mixin) Compatibility level set to JAVA_21
[13:47:13] [main/INFO] (FabricLoader/MixinExtras|Service) Initializing MixinExtras via com.llamalad7.mixinextras.service.MixinExtrasServiceImpl(version=0.5.0).
[13:47:29] [main/INFO] (Minecraft) Environment: Environment[sessionHost=https://sessionserver.mojang.com, servicesHost=https://api.minecraftservices.com, profilesHost=https://api.mojang.com, name=PROD]
[13:47:31] [main/INFO] (Minecraft) Loaded 1470 recipes
[13:47:32] [main/INFO] (Minecraft) Loaded 1584 advancements
[13:47:32] [main/INFO] (BiomeModificationImpl) Applied 0 biome modifications to 0 of 65 new biomes in 1.871 ms
[13:47:32] [Server thread/INFO] (Minecraft) Starting minecraft server version 1.21.11
[13:47:32] [Server thread/INFO] (Minecraft) Loading properties
[13:47:32] [Server thread/INFO] (Minecraft) Default game type: CREATIVE
[13:47:32] [Server thread/INFO] (Minecraft) Generating keypair
[13:47:32] [Server thread/INFO] (Minecraft) Starting Minecraft server on *:38846
[13:47:32] [Server thread/WARN] (Minecraft) **** SERVER IS RUNNING IN OFFLINE/INSECURE MODE!
[13:47:32] [Server thread/WARN] (Minecraft) The server will make no attempt to authenticate usernames. Beware.
[13:47:32] [Server thread/WARN] (Minecraft) While this makes the game possible to play without internet access, it also opens up the ability for hackers to connect with any username they choose.
[13:47:32] [Server thread/WARN] (Minecraft) To change this, set "online-mode" to "true" in the server.properties file.
[13:47:32] [Server thread/INFO] (Minecraft) Preparing level "server-world"
[13:47:32] [Server thread/INFO] (Minecraft) Loading 0 persistent chunks...
[13:47:33] [Server thread/INFO] (Minecraft) Preparing spawn area: 100%
[13:47:33] [Server thread/INFO] (Minecraft) Time elapsed: 55 ms
[13:47:33] [Server thread/INFO] (Minecraft) Done (0.374s)! For help, type "help"
[13:48:32] [Server thread/INFO] (Minecraft) Server empty for 60 seconds, pausing
[13:49:57] [Server thread/INFO] (Minecraft) Player824[/127.0.0.1:53861] logged in with entity id 20 at (-4.5, -60.0, 8.5)
[13:49:57] [Server thread/INFO] (Minecraft) Player824 joined the game
[13:50:23] [Server thread/INFO] (Minecraft) Player824 has made the advancement [Monster Hunter]
[13:50:44] [Server thread/INFO] (Minecraft) Trixxfox[/127.244.7.220:53198] logged in with entity id 355 at (170.05568421210472, -59.76625428633507, -372.8754934830057)
[13:50:44] [Server thread/INFO] (Minecraft) Trixxfox joined the game
[13:51:07] [Server thread/INFO] (Minecraft) Made Player824 a server operator
[13:51:15] [Server thread/INFO] (Minecraft) [Player824: Teleported Player824 to Trixxfox]
[13:51:28] [Server thread/INFO] (Minecraft) [Player824: Set own game mode to Survival Mode]
[13:51:43] [Server thread/INFO] (Minecraft) [Player824: Set own game mode to Creative Mode]
[13:54:01] [Server thread/INFO] (Minecraft) Player824 lost connection: Disconnected
[13:54:01] [Server thread/INFO] (Minecraft) Player824 left the game
[13:56:21] [Server thread/WARN] (Minecraft) Can't keep up! Is the server overloaded? Running 2027ms or 40 ticks behind
[13:56:40] [Server thread/WARN] (Minecraft) Can't keep up! Is the server overloaded? Running 4075ms or 81 ticks behind
[13:58:15] [Server thread/WARN] (Minecraft) Can't keep up! Is the server overloaded? Running 2017ms or 40 ticks behind
[13:58:35] [Server thread/WARN] (Minecraft) Can't keep up! Is the server overloaded? Running 2030ms or 40 ticks behind
[13:58:56] [Server thread/WARN] (Minecraft) Can't keep up! Is the server overloaded? Running 2102ms or 42 ticks behind
[13:59:18] [Server thread/INFO] (Minecraft) Made Player247 a server operator
[13:59:26] [Server thread/INFO] (Minecraft) Player247[/127.0.0.1:59745] logged in with entity id 45889 at (9.5, -60.0, -0.5)
[13:59:26] [Server thread/INFO] (Minecraft) Player247 joined the game
[13:59:29] [Server thread/WARN] (Minecraft) Can't keep up! Is the server overloaded? Running 2020ms or 40 ticks behind
[13:59:55] [Server thread/WARN] (Minecraft) Can't keep up! Is the server overloaded? Running 10772ms or 215 ticks behind
[14:00:08] [Server thread/INFO] (Minecraft) Made Player247 a server operator
[14:00:15] [Server thread/WARN] (Minecraft) Can't keep up! Is the server overloaded? Running 2019ms or 40 ticks behind
[14:00:17] [Server thread/INFO] (Minecraft) [Player247: Teleported Player247 to Trixxfox]
[14:02:22] [Server thread/INFO] (Minecraft) Player247 lost connection: Disconnected
[14:02:22] [Server thread/INFO] (Minecraft) Player247 left the game
[14:12:13] [Server thread/INFO] (Minecraft) Player160[/127.0.0.1:54922] logged in with entity id 80458 at (-0.5, -60.0, 9.5)
[14:12:13] [Server thread/INFO] (Minecraft) Player160 joined the game
[14:12:19] [Server thread/WARN] (Minecraft) Can't keep up! Is the server overloaded? Running 2037ms or 40 ticks behind
[14:12:40] [Server thread/WARN] (Minecraft) Can't keep up! Is the server overloaded? Running 5582ms or 111 ticks behind
[14:12:42] [Server thread/INFO] (Minecraft) Made Player160 a server operator
[14:12:50] [Server thread/INFO] (Minecraft) [Player160: Teleported Player160 to Trixxfox]
[14:13:02] [Server thread/WARN] (Minecraft) Can't keep up! Is the server overloaded? Running 7366ms or 147 ticks behind
[14:13:28] [Server thread/WARN] (Minecraft) Can't keep up! Is the server overloaded? Running 2018ms or 40 ticks behind
[14:13:54] [Server thread/WARN] (Minecraft) Can't keep up! Is the server overloaded? Running 10729ms or 214 ticks behind
[14:14:15] [Server thread/WARN] (Minecraft) Can't keep up! Is the server overloaded? Running 6492ms or 129 ticks behind
[14:14:38] [Server thread/WARN] (Minecraft) Can't keep up! Is the server overloaded? Running 7897ms or 157 ticks behind
[14:15:05] [Server thread/WARN] (Minecraft) Can't keep up! Is the server overloaded? Running 11753ms or 235 ticks behind
[14:15:22] [Server thread/INFO] (Minecraft) Player160 lost connection: Disconnected
[14:15:22] [Server thread/INFO] (Minecraft) Player160 left the game
[14:15:31] [Server thread/WARN] (Minecraft) Can't keep up! Is the server overloaded? Running 11435ms or 228 ticks behind
[14:16:20] [Server thread/WARN] (Minecraft) Can't keep up! Is the server overloaded? Running 2028ms or 40 ticks behind
[14:16:46] [Server thread/WARN] (Minecraft) Can't keep up! Is the server overloaded? Running 10642ms or 212 ticks behind
[14:17:11] [Server thread/WARN] (Minecraft) Can't keep up! Is the server overloaded? Running 9795ms or 195 ticks behind
[14:17:35] [Server thread/WARN] (Minecraft) Can't keep up! Is the server overloaded? Running 9485ms or 189 ticks behind
[14:18:00] [Server thread/WARN] (Minecraft) Can't keep up! Is the server overloaded? Running 9757ms or 195 ticks behind
[14:18:18] [Server thread/WARN] (Minecraft) Can't keep up! Is the server overloaded? Running 2908ms or 58 ticks behind
[14:19:58] [Server thread/WARN] (Minecraft) Can't keep up! Is the server overloaded? Running 2251ms or 45 ticks behind
[14:20:16] [Server thread/INFO] (Minecraft) Player399[/127.0.0.1:53378] logged in with entity id 120435 at (-9.5, -60.0, 2.5)
[14:20:16] [Server thread/INFO] (Minecraft) Player399 joined the game
[14:20:25] [Server thread/WARN] (Minecraft) Can't keep up! Is the server overloaded? Running 11786ms or 235 ticks behind
[14:20:47] [Server thread/INFO] (Minecraft) Made Player399 a server operator
[14:20:53] [Server thread/WARN] (Minecraft) Can't keep up! Is the server overloaded? Running 2017ms or 40 ticks behind
[14:21:26] [Server thread/WARN] (Minecraft) Can't keep up! Is the server overloaded? Running 18205ms or 364 ticks behind
[14:21:57] [Server thread/WARN] (Minecraft) Can't keep up! Is the server overloaded? Running 15422ms or 308 ticks behind
[14:22:19] [Server thread/INFO] (Minecraft) Villager VillagerEntity['Leatherworker'/1332, l='ServerLevel[server-world]', x=293.89, y=-60.00, z=-191.95] died, message: 'Leatherworker was killed'
[14:22:19] [Server thread/INFO] (Minecraft) Villager VillagerEntity['Cartographer'/1355, l='ServerLevel[server-world]', x=317.43, y=-59.00, z=-189.77] died, message: 'Cartographer was killed'
[14:22:19] [Server thread/INFO] (Minecraft) Villager VillagerEntity['Cartographer'/1359, l='ServerLevel[server-world]', x=266.58, y=-60.00, z=-191.88] died, message: 'Cartographer was killed'
[14:22:19] [Server thread/INFO] (Minecraft) Villager VillagerEntity['Nitwit'/1360, l='ServerLevel[server-world]', x=259.95, y=-60.06, z=-188.95] died, message: 'Nitwit was killed'
[14:22:19] [Server thread/INFO] (Minecraft) Villager VillagerEntity['Leatherworker'/1364, l='ServerLevel[server-world]', x=283.81, y=-60.00, z=-191.90] died, message: 'Leatherworker was killed'
[14:22:19] [Server thread/INFO] (Minecraft) Villager VillagerEntity['Leatherworker'/1371, l='ServerLevel[server-world]', x=284.94, y=-60.00, z=-191.94] died, message: 'Leatherworker was killed'
[14:22:19] [Server thread/INFO] (Minecraft) Villager VillagerEntity['Leatherworker'/1372, l='ServerLevel[server-world]', x=276.92, y=-60.00, z=-191.92] died, message: 'Leatherworker was killed'
[14:22:19] [Server thread/INFO] (Minecraft) Villager VillagerEntity['Villager'/120712, l='ServerLevel[server-world]', x=-57.77, y=-60.00, z=70.73] died, message: 'Villager was killed'
[14:22:19] [Server thread/INFO] (Minecraft) [Player399: Killed 3997 entities]
[14:22:21] [Server thread/WARN] (Minecraft) Can't keep up! Is the server overloaded? Running 9127ms or 182 ticks behind
[14:22:24] [Server thread/INFO] (Minecraft) [Player399: Killed 356 entities]
[14:22:26] [Server thread/INFO] (Minecraft) [Player399: Killed 263 entities]
[14:22:26] [Server thread/INFO] (Minecraft) [Player399: Killed 122 entities]
[14:22:27] [Server thread/INFO] (Minecraft) [Player399: Killed 133 entities]
[14:22:27] [Server thread/INFO] (Minecraft) [Player399: Killed 106 entities]
[14:22:28] [Server thread/INFO] (Minecraft) [Player399: Killed 135 entities]
[14:22:29] [Server thread/INFO] (Minecraft) [Player399: Killed 103 entities]
[14:22:29] [Server thread/INFO] (Minecraft) [Player399: Killed 136 entities]
[14:22:30] [Server thread/INFO] (Minecraft) [Player399: Killed 117 entities]
[14:22:30] [Server thread/INFO] (Minecraft) [Player399: Killed 145 entities]
[14:22:31] [Server thread/INFO] (Minecraft) [Player399: Killed 124 entities]
[14:22:31] [Server thread/INFO] (Minecraft) [Player399: Killed 135 entities]
[14:22:32] [Server thread/INFO] (Minecraft) [Player399: Killed 117 entities]
[14:22:36] [Server thread/INFO] (Minecraft) [Player399: Killed 185 entities]
[14:22:36] [Server thread/INFO] (Minecraft) [Player399: Killed 162 entities]
[14:22:37] [Server thread/INFO] (Minecraft) [Player399: Killed 121 entities]
[14:22:37] [Server thread/INFO] (Minecraft) [Player399: Killed 104 entities]
[14:22:38] [Server thread/INFO] (Minecraft) [Player399: Killed 129 entities]
[14:22:38] [Server thread/INFO] (Minecraft) [Player399: Killed 98 entities]
[14:22:39] [Server thread/INFO] (Minecraft) [Player399: Killed 133 entities]
[14:22:39] [Server thread/INFO] (Minecraft) [Player399: Killed 92 entities]
[14:22:47] [Server thread/INFO] (Minecraft) [Player399: Teleported Player399 to Trixxfox]
[14:23:41] [Server thread/INFO] (Minecraft) [Trixxfox: Set the time to 1000]
[14:26:47] [Server thread/WARN] (Minecraft) Can't keep up! Is the server overloaded? Running 2000ms or 40 ticks behind
[14:26:58] [Server thread/INFO] (Minecraft) Trixxfox has completed the challenge [Cover Me in Debris]
[14:27:03] [Server thread/INFO] (Minecraft) Player399 lost connection: Disconnected
[14:27:03] [Server thread/INFO] (Minecraft) Player399 left the game
[14:27:05] [Server thread/WARN] (Minecraft) Can't keep up! Is the server overloaded? Running 2658ms or 53 ticks behind
[14:27:23] [Server thread/WARN] (Minecraft) Can't keep up! Is the server overloaded? Running 3462ms or 69 ticks behind
[14:27:40] [Server thread/WARN] (Minecraft) Can't keep up! Is the server overloaded? Running 2217ms or 44 ticks behind
[14:28:00] [Server thread/WARN] (Minecraft) Can't keep up! Is the server overloaded? Running 4332ms or 86 ticks behind
[14:30:13] [Server thread/WARN] (Minecraft) Can't keep up! Is the server overloaded? Running 2020ms or 40 ticks behind
[14:30:21] [Server thread/INFO] (Minecraft) Player150[/127.0.0.1:61501] logged in with entity id 164051 at (-7.5, -60.0, -8.5)
[14:30:21] [Server thread/INFO] (Minecraft) Player150 joined the game
[14:30:34] [Server thread/WARN] (Minecraft) Can't keep up! Is the server overloaded? Running 5752ms or 115 ticks behind
[14:30:43] [Server thread/INFO] (Minecraft) Made Player150 a server operator
[14:30:52] [Server thread/INFO] (Minecraft) [Player150: Teleported Player150 to Trixxfox]
[14:30:53] [Server thread/WARN] (Minecraft) Can't keep up! Is the server overloaded? Running 3741ms or 74 ticks behind
[14:31:19] [Server thread/WARN] (Minecraft) Can't keep up! Is the server overloaded? Running 11800ms or 236 ticks behind
[14:31:45] [Server thread/WARN] (Minecraft) Can't keep up! Is the server overloaded? Running 11079ms or 221 ticks behind
[14:32:12] [Server thread/WARN] (Minecraft) Can't keep up! Is the server overloaded? Running 11345ms or 226 ticks behind
[14:32:38] [Server thread/WARN] (Minecraft) Can't keep up! Is the server overloaded? Running 11077ms or 221 ticks behind
[14:33:05] [Server thread/WARN] (Minecraft) Can't keep up! Is the server overloaded? Running 12545ms or 250 ticks behind
[14:33:32] [Server thread/WARN] (Minecraft) Can't keep up! Is the server overloaded? Running 12081ms or 241 ticks behind
[14:33:53] [Server thread/INFO] (Minecraft) Player150 lost connection: Disconnected
[14:33:53] [Server thread/INFO] (Minecraft) Player150 left the game
[14:33:57] [Server thread/WARN] (Minecraft) Can't keep up! Is the server overloaded? Running 10151ms or 203 ticks behind
[14:35:23] [Server thread/WARN] (Minecraft) Can't keep up! Is the server overloaded? Running 2006ms or 40 ticks behind
[14:35:47] [Server thread/WARN] (Minecraft) Can't keep up! Is the server overloaded? Running 8345ms or 166 ticks behind
[14:36:08] [Server thread/WARN] (Minecraft) Can't keep up! Is the server overloaded? Running 6886ms or 137 ticks behind
[14:36:30] [Server thread/WARN] (Minecraft) Can't keep up! Is the server overloaded? Running 6936ms or 138 ticks behind
[14:36:52] [Server thread/WARN] (Minecraft) Can't keep up! Is the server overloaded? Running 7019ms or 140 ticks behind
[14:37:14] [Server thread/WARN] (Minecraft) Can't keep up! Is the server overloaded? Running 6396ms or 127 ticks behind
[14:37:33] [Server thread/INFO] (Minecraft) Trixxfox has made the advancement [Best Friends Forever]
[14:37:36] [Server thread/WARN] (Minecraft) Can't keep up! Is the server overloaded? Running 7038ms or 140 ticks behind
[14:37:57] [Server thread/WARN] (Minecraft) Can't keep up! Is the server overloaded? Running 5889ms or 117 ticks behind
[14:38:15] [Server thread/WARN] (Minecraft) Can't keep up! Is the server overloaded? Running 3758ms or 75 ticks behind
[14:38:33] [Server thread/WARN] (Minecraft) Can't keep up! Is the server overloaded? Running 2696ms or 53 ticks behind
[14:38:50] [Server thread/WARN] (Minecraft) Can't keep up! Is the server overloaded? Running 2334ms or 46 ticks behind
[14:39:49] [Server thread/INFO] (Minecraft) [Trixxfox: Set own game mode to Survival Mode]
[14:40:26] [Server thread/INFO] (Minecraft) [Trixxfox: Set own game mode to Creative Mode]
[14:43:08] [Server thread/INFO] (Minecraft) Trixxfox has made the advancement [Sweet Dreams]
[14:48:19] [Server thread/WARN] (Minecraft) Can't keep up! Is the server overloaded? Running 2041ms or 40 ticks behind
[14:49:32] [Server thread/WARN] (Minecraft) Can't keep up! Is the server overloaded? Running 2107ms or 42 ticks behind
[14:49:52] [Server thread/WARN] (Minecraft) Can't keep up! Is the server overloaded? Running 4466ms or 89 ticks behind
[14:50:26] [Server thread/WARN] (Minecraft) Can't keep up! Is the server overloaded? Running 2034ms or 40 ticks behind
[14:50:44] [Server thread/INFO] (Minecraft) [Trixxfox: Set own game mode to Survival Mode]
[14:50:47] [Server thread/WARN] (Minecraft) Can't keep up! Is the server overloaded? Running 2022ms or 40 ticks behind
[14:51:19] [Server thread/WARN] (Minecraft) Can't keep up! Is the server overloaded? Running 2002ms or 40 ticks behind
[14:51:37] [Server thread/WARN] (Minecraft) Can't keep up! Is the server overloaded? Running 2325ms or 46 ticks behind
[14:52:44] [Server thread/WARN] (Minecraft) Can't keep up! Is the server overloaded? Running 2033ms or 40 ticks behind
[14:53:05] [Server thread/WARN] (Minecraft) Can't keep up! Is the server overloaded? Running 6454ms or 129 ticks behind
[14:53:29] [Server thread/WARN] (Minecraft) Can't keep up! Is the server overloaded? Running 8720ms or 174 ticks behind
[14:53:47] [Server thread/INFO] (Minecraft) [Trixxfox: Set own game mode to Creative Mode]
[14:53:54] [Server thread/WARN] (Minecraft) Can't keep up! Is the server overloaded? Running 10376ms or 207 ticks behind
[14:54:19] [Server thread/WARN] (Minecraft) Can't keep up! Is the server overloaded? Running 9717ms or 194 ticks behind
[14:54:37] [Server thread/WARN] (Minecraft) Can't keep up! Is the server overloaded? Running 2603ms or 52 ticks behind
[14:54:54] [Server thread/WARN] (Minecraft) Can't keep up! Is the server overloaded? Running 2561ms or 51 ticks behind
[14:55:17] [Server thread/WARN] (Minecraft) Can't keep up! Is the server overloaded? Running 2026ms or 40 ticks behind
[14:55:48] [Server thread/WARN] (Minecraft) Can't keep up! Is the server overloaded? Running 2012ms or 40 ticks behind
[14:56:05] [Server thread/WARN] (Minecraft) Can't keep up! Is the server overloaded? Running 2330ms or 46 ticks behind
[15:02:41] [Server thread/INFO] (Minecraft) [Trixxfox: Set own game mode to Survival Mode]
[15:04:26] [Server thread/INFO] (Minecraft) [Trixxfox: Set own game mode to Creative Mode]
[15:05:00] [Server thread/INFO] (Minecraft) Trixxfox lost connection: Disconnected
[15:05:00] [Server thread/INFO] (Minecraft) Trixxfox left the game
[15:06:00] [Server thread/INFO] (Minecraft) Server empty for 60 seconds, pausing
[15:21:34] [Server thread/WARN] (Minecraft) Can't keep up! Is the server overloaded? Running 5626ms or 112 ticks behind
[15:23:26] [Server thread/INFO] (Minecraft) Stopping the server
[15:23:26] [Server thread/INFO] (Minecraft) Stopping server
[15:23:26] [Server thread/INFO] (Minecraft) Saving players
[15:23:26] [Server thread/INFO] (Minecraft) Saving worlds
[15:23:26] [Server thread/INFO] (Minecraft) Saving chunks for level 'ServerLevel[server-world]'/minecraft:overworld
[15:23:26] [Server thread/INFO] (Minecraft) Saving chunks for level 'ServerLevel[server-world]'/minecraft:the_end
[15:23:26] [Server thread/INFO] (Minecraft) Saving chunks for level 'ServerLevel[server-world]'/minecraft:the_nether
[15:23:26] [Server thread/INFO] (Minecraft) ThreadedAnvilChunkStorage (server-world): All chunks are saved
[15:23:26] [Server thread/INFO] (Minecraft) ThreadedAnvilChunkStorage (DIM1): All chunks are saved
[15:23:26] [Server thread/INFO] (Minecraft) ThreadedAnvilChunkStorage (DIM-1): All chunks are saved
[15:23:26] [Server thread/INFO] (Minecraft) ThreadedAnvilChunkStorage: All dimensions are saved
