[17:15:16] [main/INFO] (FabricLoader/GameProvider) Loading Minecraft 1.21.11 with Fabric Loader 0.18.4
[17:15:18] [main/INFO] (FabricLoader) Loading 55 mods:
	- cloth-basic-math 0.6.1
	- cloth-config 21.11.153
	- cool_mod 26.2+build4
	- fabric-api 0.141.1+1.21.11
	- fabric-api-base 1.0.5+4ebb5c083e
	- fabric-api-lookup-api-v1 1.6.113+1fb1cde93e
	- fabric-biome-api-v1 17.1.1+4fc5413f3e
	- fabric-block-api-v1 1.1.10+4ebb5c083e
	- fabric-block-view-api-v2 1.0.39+4ebb5c083e
	- fabric-client-gametest-api-v1 4.3.5+bfe9fcf43e
	- fabric-command-api-v2 2.4.7+6b42a6003e
	- fabric-content-registries-v0 10.2.14+4fc5413f3e
	- fabric-convention-tags-v1 2.1.55+7f945d5b3e
	- fabric-convention-tags-v2 2.17.3+8ef948ba3e
	- fabric-crash-report-info-v1 0.3.23+4ebb5c083e
	- fabric-data-attachment-api-v1 1.8.46+b6ef3aec3e
	- fabric-data-generation-api-v1 23.4.0+69974c4e3e
	- fabric-dimensions-v1 4.0.28+4fc5413f3e
	- fabric-entity-events-v1 3.1.1+1d0ab4303e
	- fabric-events-interaction-v0 4.1.0+3b89ecf63e
	- fabric-game-rule-api-v1 2.0.3+4fc5413f3e
	- fabric-gametest-api-v1 3.1.27+4fc5413f3e
	- fabric-item-api-v1 11.5.20+d0c46b9e3e
	- fabric-item-group-api-v1 4.2.36+4fc5413f3e
	- fabric-key-binding-api-v1 1.1.7+4fc5413f3e
	- fabric-lifecycle-events-v1 2.6.15+4ebb5c083e
	- fabric-loot-api-v2 3.0.73+3f89f5a53e
	- fabric-loot-api-v3 2.0.20+78c8b4663e
	- fabric-message-api-v1 6.1.12+4ebb5c083e
	- fabric-model-loading-api-v1 6.0.14+4fc5413f3e
	- fabric-networking-api-v1 5.1.5+ae1e07683e
	- fabric-object-builder-api-v1 21.1.39+4fc5413f3e
	- fabric-particles-v1 4.2.11+4fc5413f3e
	- fabric-recipe-api-v1 8.2.3+4ebb5c083e
	- fabric-registry-sync-v0 6.2.5+1718722b3e
	- fabric-renderer-api-v1 8.0.2+f4ffd2e53e
	- fabric-renderer-indigo 5.0.2+f4ffd2e53e
	- fabric-rendering-fluids-v1 3.1.43+4ebb5c083e
	- fabric-rendering-v1 16.2.9+7edacff13e
	- fabric-resource-conditions-api-v1 5.0.35+4fc5413f3e
	- fabric-resource-loader-v0 3.3.4+4fc5413f3e
	- fabric-resource-loader-v1 1.0.10+78c8b4663e
	- fabric-screen-api-v1 3.1.7+4ebb5c083e
	- fabric-screen-handler-api-v1 1.3.161+4fc5413f3e
	- fabric-serialization-api-v1 1.0.5+4ebb5c083e
	- fabric-sound-api-v1 1.0.51+4fc5413f3e
	- fabric-tag-api-v1 1.2.20+4fc5413f3e
	- fabric-transfer-api-v1 6.0.24+4fc5413f3e
	- fabric-transitive-access-wideners-v1 7.1.0+014c8cec3e
	- fabricloader 0.18.4
	- java 21
	- minecraft 1.21.11
	- mixinextras 0.5.0
	- modmenu 17.0.0-beta.2
	   \-- placeholder-api 2.8.1+1.21.10
[17:15:43] [main/INFO] (FabricLoader/Mixin) SpongePowered MIXIN Subsystem Version=0.8.7 Source=file:/C:/Users/super/.gradle/caches/modules-2/files-2.1/net.fabricmc/sponge-mixin/0.17.0+mixin.0.8.7/cf31463202f72d03b0ef1e1e38e8ee71b7faaab6/sponge-mixin-0.17.0+mixin.0.8.7.jar Service=Knot/Fabric Env=CLIENT
[17:15:43] [main/INFO] (FabricLoader/Mixin) Loaded Fabric development mappings for mixin remapper!
[17:15:44] [main/INFO] (FabricLoader/Mixin) Compatibility level set to JAVA_21
[17:15:54] [main/INFO] (FabricLoader/MixinExtras|Service) Initializing MixinExtras via com.llamalad7.mixinextras.service.MixinExtrasServiceImpl(version=0.5.0).
[17:15:58] [Datafixer Bootstrap/INFO] (Minecraft) 287 Datafixer optimizations took 1823 milliseconds
[17:16:24] [Render thread/INFO] (Minecraft) Environment: Environment[sessionHost=https://sessionserver.mojang.com, servicesHost=https://api.minecraftservices.com, profilesHost=https://api.mojang.com, name=PROD]
[17:16:24] [Render thread/INFO] (Minecraft) Setting user: Player759
[17:16:25] [Render thread/INFO] (Mod Menu/Update Checker) Checking mod updates...
[17:16:26] [Download-2/ERROR] (Minecraft) Failed to fetch user properties
com.mojang.authlib.exceptions.InvalidCredentialsException: Status: 401
	at knot//com.mojang.authlib.exceptions.MinecraftClientHttpException.toAuthenticationException(MinecraftClientHttpException.java:59)
	at knot//com.mojang.authlib.yggdrasil.YggdrasilUserApiService.fetchProperties(YggdrasilUserApiService.java:150)
	at knot//net.minecraft.client.MinecraftClient.method_55608(MinecraftClient.java:457)
	at java.base/java.util.concurrent.CompletableFuture$AsyncSupply.run(CompletableFuture.java:1768)
	at java.base/java.util.concurrent.ThreadPoolExecutor.runWorker(ThreadPoolExecutor.java:1144)
	at java.base/java.util.concurrent.ThreadPoolExecutor$Worker.run(ThreadPoolExecutor.java:642)
	at java.base/java.lang.Thread.run(Thread.java:1583)
Caused by: com.mojang.authlib.exceptions.MinecraftClientHttpException: Status: 401
	at knot//com.mojang.authlib.minecraft.client.MinecraftClient.readInputStream(MinecraftClient.java:103)
	at knot//com.mojang.authlib.minecraft.client.MinecraftClient.get(MinecraftClient.java:56)
	at knot//com.mojang.authlib.yggdrasil.YggdrasilUserApiService.fetchProperties(YggdrasilUserApiService.java:121)
	... 5 more
[17:16:26] [Render thread/INFO] (Minecraft) [STDOUT]: [CoolMod] Config loaded.
[17:16:26] [Render thread/INFO] (Indigo) [Indigo] Registering Indigo renderer!
[17:16:28] [Render thread/INFO] (Minecraft) Backend library: LWJGL version 3.3.3-snapshot
[17:16:31] [Render thread/INFO] (Minecraft) Using optional rendering extensions: GL_ARB_buffer_storage, GL_KHR_debug, GL_ARB_vertex_attrib_binding, GL_ARB_direct_state_access, GL_EXT_texture_filter_anisotropic
[17:16:35] [Download-3/INFO] (Minecraft) Could not authorize you against Realms server: java.lang.RuntimeException: Failed to parse into SignedJWT: FabricMC
[17:16:35] [Download-3/ERROR] (Minecraft) Failed to fetch Realms feature flags
net.minecraft.client.realms.exception.RealmsServiceException: Realms authentication error with message 'java.lang.RuntimeException: Failed to parse into SignedJWT: FabricMC'
	at knot//net.minecraft.client.realms.RealmsClient.execute(RealmsClient.java:526)
	at knot//net.minecraft.client.realms.RealmsClient.fetchFeatureFlags(RealmsClient.java:186)
	at java.base/java.util.concurrent.CompletableFuture$AsyncSupply.run(CompletableFuture.java:1768)
	at java.base/java.util.concurrent.ThreadPoolExecutor.runWorker(ThreadPoolExecutor.java:1144)
	at java.base/java.util.concurrent.ThreadPoolExecutor$Worker.run(ThreadPoolExecutor.java:642)
	at java.base/java.lang.Thread.run(Thread.java:1583)
[17:16:36] [Render thread/INFO] (Minecraft) Reloading ResourceManager: vanilla, cloth-config, cool_mod, fabric-api, fabric-api-base, fabric-api-lookup-api-v1, fabric-biome-api-v1, fabric-block-api-v1, fabric-block-view-api-v2, fabric-client-gametest-api-v1, fabric-command-api-v2, fabric-content-registries-v0, fabric-convention-tags-v1, fabric-convention-tags-v2, fabric-crash-report-info-v1, fabric-data-attachment-api-v1, fabric-data-generation-api-v1, fabric-dimensions-v1, fabric-entity-events-v1, fabric-events-interaction-v0, fabric-game-rule-api-v1, fabric-gametest-api-v1, fabric-item-api-v1, fabric-item-group-api-v1, fabric-key-binding-api-v1, fabric-lifecycle-events-v1, fabric-loot-api-v2, fabric-loot-api-v3, fabric-message-api-v1, fabric-model-loading-api-v1, fabric-networking-api-v1, fabric-object-builder-api-v1, fabric-particles-v1, fabric-recipe-api-v1, fabric-registry-sync-v0, fabric-renderer-api-v1, fabric-renderer-indigo, fabric-rendering-fluids-v1, fabric-rendering-v1, fabric-resource-conditions-api-v1, fabric-resource-loader-v0, fabric-resource-loader-v1, fabric-screen-api-v1, fabric-screen-handler-api-v1, fabric-serialization-api-v1, fabric-sound-api-v1, fabric-tag-api-v1, fabric-transfer-api-v1, fabric-transitive-access-wideners-v1, fabricloader, modmenu, placeholder-api
[17:16:37] [Worker-Main-3/INFO] (Minecraft) Found unifont_all_no_pua-17.0.01.hex, loading
[17:16:37] [Worker-Main-2/INFO] (Minecraft) Found unifont_pua-17.0.01.hex, loading
[17:16:38] [Worker-Main-5/INFO] (Minecraft) Found unifont_jp_patch-17.0.01.hex, loading
[17:16:45] [Render thread/INFO] (Minecraft) OpenAL initialized on device OpenAL Soft on Speakers (2- Realtek(R) Audio)
[17:16:45] [Render thread/INFO] (Minecraft) Sound engine started
[17:16:45] [Render thread/INFO] (Minecraft) Created: 512x256x0 minecraft:textures/atlas/particles.png-atlas
[17:16:45] [Render thread/INFO] (Minecraft) Created: 128x128x0 minecraft:textures/atlas/decorated_pot.png-atlas
[17:16:45] [Render thread/INFO] (Minecraft) Created: 2048x1024x0 minecraft:textures/atlas/armor_trims.png-atlas
[17:16:45] [Render thread/INFO] (Minecraft) Created: 512x256x0 minecraft:textures/atlas/paintings.png-atlas
[17:16:45] [Render thread/INFO] (Minecraft) Created: 1024x512x0 minecraft:textures/atlas/shield_patterns.png-atlas
[17:16:45] [Render thread/INFO] (Minecraft) Created: 2048x2048x4 minecraft:textures/atlas/blocks.png-atlas
[17:16:47] [Render thread/INFO] (Minecraft) Created: 512x512x0 minecraft:textures/atlas/chest.png-atlas
[17:16:47] [Render thread/INFO] (Minecraft) Created: 256x128x0 minecraft:textures/atlas/celestials.png-atlas
[17:16:47] [Render thread/INFO] (Minecraft) Created: 1024x512x0 minecraft:textures/atlas/banner_patterns.png-atlas
[17:16:47] [Render thread/INFO] (Minecraft) Created: 512x512x0 minecraft:textures/atlas/beds.png-atlas
[17:16:47] [Render thread/INFO] (Minecraft) Created: 1024x512x0 minecraft:textures/atlas/items.png-atlas
[17:16:47] [Render thread/INFO] (Minecraft) Created: 1024x1024x0 minecraft:textures/atlas/gui.png-atlas
[17:16:47] [Render thread/INFO] (Minecraft) Created: 128x64x0 minecraft:textures/atlas/map_decorations.png-atlas
[17:16:47] [Render thread/INFO] (Minecraft) Created: 512x256x0 minecraft:textures/atlas/signs.png-atlas
[17:16:47] [Render thread/INFO] (Minecraft) Created: 512x512x0 minecraft:textures/atlas/shulker_boxes.png-atlas
[17:16:50] [IO-Worker-1/INFO] (Minecraft) Could not authorize you against Realms server: java.lang.RuntimeException: Failed to parse into SignedJWT: FabricMC
[17:16:50] [IO-Worker-1/ERROR] (Minecraft) Couldn't connect to realms
net.minecraft.client.realms.exception.RealmsServiceException: Realms authentication error with message 'java.lang.RuntimeException: Failed to parse into SignedJWT: FabricMC'
	at knot//net.minecraft.client.realms.RealmsClient.execute(RealmsClient.java:526)
	at knot//net.minecraft.client.realms.RealmsClient.clientCompatible(RealmsClient.java:307)
	at knot//net.minecraft.client.realms.RealmsAvailability.method_52627(RealmsAvailability.java:48)
	at java.base/java.util.concurrent.CompletableFuture$AsyncSupply.run(CompletableFuture.java:1768)
	at java.base/java.util.concurrent.ThreadPoolExecutor.runWorker(ThreadPoolExecutor.java:1144)
	at java.base/java.util.concurrent.ThreadPoolExecutor$Worker.run(ThreadPoolExecutor.java:642)
	at java.base/java.lang.Thread.run(Thread.java:1583)
[17:17:10] [Render thread/INFO] (Minecraft) Loaded 1470 recipes
[17:17:10] [Render thread/INFO] (Minecraft) Loaded 1584 advancements
[17:17:10] [Render thread/INFO] (BiomeModificationImpl) Applied 0 biome modifications to 0 of 65 new biomes in 5.512 ms
[17:17:10] [Server thread/INFO] (Minecraft) Starting integrated minecraft server version 1.21.11
[17:17:10] [Server thread/INFO] (Minecraft) Generating keypair
[17:17:12] [Server thread/INFO] (Minecraft) Loading 0 persistent chunks...
[17:17:12] [Server thread/INFO] (Minecraft) Preparing spawn area: 16%
[17:17:17] [Server thread/INFO] (Minecraft) Loading 49 chunks for player spawn...
[17:17:17] [Server thread/INFO] (Minecraft) Preparing spawn area: 16%
[17:17:17] [Server thread/INFO] (Minecraft) Preparing spawn area: 16%
[17:17:17] [Server thread/INFO] (Minecraft) Preparing spawn area: 16%
[17:17:17] [Server thread/INFO] (Minecraft) Preparing spawn area: 16%
[17:17:17] [Server thread/INFO] (Minecraft) Preparing spawn area: 16%
[17:17:17] [Server thread/INFO] (Minecraft) Preparing spawn area: 16%
[17:17:17] [Server thread/INFO] (Minecraft) Preparing spawn area: 16%
[17:17:17] [Server thread/INFO] (Minecraft) Preparing spawn area: 16%
[17:17:17] [Server thread/INFO] (Minecraft) Preparing spawn area: 16%
[17:17:17] [Server thread/INFO] (Minecraft) Preparing spawn area: 16%
[17:17:18] [Server thread/INFO] (Minecraft) Time elapsed: 5372 ms
[17:17:18] [Server thread/INFO] (Minecraft) Player759[local:E:8c16b129] logged in with entity id 27 at (-348.83824720493914, 81.0, 53.6472299691796)
[17:17:19] [Server thread/INFO] (Minecraft) Player759 joined the game
[17:17:19] [Server thread/INFO] (Minecraft) Changing view distance to 32, from 10
[17:17:19] [Server thread/INFO] (Minecraft) Changing simulation distance to 12, from 0
[17:17:19] [Render thread/INFO] (Minecraft) Loaded 2 advancements
[17:17:20] [Render thread/INFO] (Minecraft) Resizing Dynamic Transforms UBO, capacity limit of 2 reached during a single frame. New capacity will be 4.
[17:17:20] [Render thread/INFO] (Minecraft) Resizing Dynamic Transforms UBO, capacity limit of 4 reached during a single frame. New capacity will be 8.
[17:17:21] [Render thread/INFO] (Minecraft) Resizing Chunk Sections UBO, capacity limit of 2 reached during a single frame. New capacity will be 4.
[17:17:21] [Render thread/INFO] (Minecraft) Resizing Chunk Sections UBO, capacity limit of 4 reached during a single frame. New capacity will be 8.
[17:17:21] [Render thread/INFO] (Minecraft) Resizing Chunk Sections UBO, capacity limit of 8 reached during a single frame. New capacity will be 16.
[17:17:21] [Render thread/INFO] (Minecraft) Resizing Chunk Sections UBO, capacity limit of 16 reached during a single frame. New capacity will be 32.
[17:17:22] [Render thread/INFO] (Minecraft) Resizing Chunk Sections UBO, capacity limit of 32 reached during a single frame. New capacity will be 64.
[17:17:24] [Render thread/INFO] (Minecraft) Resizing Chunk Sections UBO, capacity limit of 64 reached during a single frame. New capacity will be 128.
[17:17:25] [Render thread/INFO] (Minecraft) Resizing Chunk Sections UBO, capacity limit of 128 reached during a single frame. New capacity will be 256.
[17:17:28] [Server thread/INFO] (Minecraft) Saving and pausing game...
[17:17:28] [Server thread/INFO] (Minecraft) Saving chunks for level 'ServerLevel[Waypoints]'/minecraft:overworld
[17:17:28] [Server thread/INFO] (Minecraft) Saving chunks for level 'ServerLevel[Waypoints]'/minecraft:the_nether
[17:17:28] [Server thread/INFO] (Minecraft) Saving chunks for level 'ServerLevel[Waypoints]'/minecraft:the_end
[17:35:08] [Server thread/WARN] (Minecraft) Can't keep up! Is the server overloaded? Running 3501ms or 70 ticks behind
[17:35:09] [Server thread/INFO] (Minecraft) Saving and pausing game...
[17:35:09] [Server thread/INFO] (Minecraft) Saving chunks for level 'ServerLevel[Waypoints]'/minecraft:overworld
[17:35:15] [Server thread/INFO] (Minecraft) Saving chunks for level 'ServerLevel[Waypoints]'/minecraft:the_nether
[17:35:15] [Server thread/INFO] (Minecraft) Saving chunks for level 'ServerLevel[Waypoints]'/minecraft:the_end
[17:35:25] [Render thread/WARN] (Mod Menu | FabricMod) Warning! Mod cloth-basic-math has a broken icon, loading default icon
[17:35:26] [Render thread/INFO] (Minecraft) Resizing Chunk Sections UBO, capacity limit of 256 reached during a single frame. New capacity will be 512.
[17:35:28] [Render thread/INFO] (Minecraft) Resizing Chunk Sections UBO, capacity limit of 512 reached during a single frame. New capacity will be 1024.
[17:35:29] [Render thread/WARN] (Mod Menu | FabricMod) Warning! Mod mixinextras has a broken icon, loading default icon
[17:35:33] [Render thread/INFO] (Minecraft) Resizing Chunk Sections UBO, capacity limit of 1024 reached during a single frame. New capacity will be 2048.
[17:35:39] [Render thread/INFO] (Mod Menu/Update Checker) Checking mod updates...
[17:35:42] [Render thread/INFO] (Minecraft) Resizing Chunk Sections UBO, capacity limit of 2048 reached during a single frame. New capacity will be 4096.
[17:35:50] [Server thread/INFO] (Minecraft) Player759 lost connection: Disconnected
[17:35:50] [Server thread/INFO] (Minecraft) Player759 left the game
[17:35:51] [Server thread/INFO] (Minecraft) Stopping singleplayer server as player logged out
[17:35:51] [Server thread/INFO] (Minecraft) Stopping server
[17:35:51] [Server thread/INFO] (Minecraft) Saving players
[17:35:51] [Server thread/INFO] (Minecraft) Saving worlds
[17:35:55] [Server thread/INFO] (Minecraft) Saving chunks for level 'ServerLevel[Waypoints]'/minecraft:overworld
[17:36:18] [Server thread/INFO] (Minecraft) Saving chunks for level 'ServerLevel[Waypoints]'/minecraft:the_nether
[17:36:18] [Server thread/INFO] (Minecraft) Saving chunks for level 'ServerLevel[Waypoints]'/minecraft:the_end
[17:36:18] [Server thread/INFO] (Minecraft) ThreadedAnvilChunkStorage (Waypoints): All chunks are saved
[17:36:18] [Server thread/INFO] (Minecraft) ThreadedAnvilChunkStorage (DIM-1): All chunks are saved
[17:36:18] [Server thread/INFO] (Minecraft) ThreadedAnvilChunkStorage (DIM1): All chunks are saved
[17:36:18] [Server thread/INFO] (Minecraft) ThreadedAnvilChunkStorage: All dimensions are saved
[17:36:29] [Render thread/INFO] (Minecraft) Stopping!
